#
# A fatal error has been detected by the Java Runtime Environment:
#
#  EXCEPTION_ACCESS_VIOLATION (0xc0000005) at pc=0x00000000045c5ec0, pid=3116, tid=2344
#
# JRE version: Java(TM) SE Runtime Environment (8.0_65-b17) (build 1.8.0_65-b17)
# Java VM: Java HotSpot(TM) 64-Bit Server VM (25.65-b01 mixed mode windows-amd64 compressed oops)
# Problematic frame:
# J 9157 C1 com.sun.tools.javac.code.Type.isPrimitive()Z (2 bytes) @ 0x00000000045c5ec0 [0x00000000045c5ea0+0x20]
#
# Failed to write core dump. Minidumps are not enabled by default on client versions of Windows
#
# If you would like to submit a bug report, please visit:
#   http://bugreport.java.com/bugreport/crash.jsp
#

---------------  T H R E A D  ---------------

Current thread (0x00000000199e9000):  JavaThread "Daemon worker Thread 5" [_thread_in_Java, id=2344, stack(0x0000000000910000,0x0000000000a10000)]

siginfo: ExceptionCode=0xc0000005, writing address 0x00000003b394ea64

Registers:
RAX=0x0000000100802458, RBX=0x000000000012f3b8, RCX=0x00000000ece07d98, RDX=0x00000000ed929258
RSP=0x0000000000a0c158, RBP=0x00000000ed929258, RSI=0x0000000000000001, RDI=0x0000000000003669
R8 =0x00000000ed929258, R9 =0x1fffffffffffffff, R10=0x00000000ecdf8138, R11=0x00000000ecdf80e8
R12=0x0000000000000000, R13=0x0000000000a0c1a0, R14=0x0000000000000000, R15=0x00000000199e9000
RIP=0x00000000045c5ec0, EFLAGS=0x0000000000010212

Top of Stack: (sp=0x0000000000a0c158)
0x0000000000a0c158:   00000000048605d8 00000000ece07d98
0x0000000000a0c168:   00000000199e9000 0000000000003669
0x0000000000a0c178:   0000000002cb103f 0000000000a0c1f0
0x0000000000a0c188:   0000000002c97a70 0000000000a0c1f0
0x0000000000a0c198:   0000000002c97a70 00000000ed929258
0x0000000000a0c1a8:   00000000ece07d98 0000000000a0c1b0
0x0000000000a0c1b8:   00000000004a8bf0 0000000000a0c238
0x0000000000a0c1c8:   00000000004aae78 0000000000000000
0x0000000000a0c1d8:   00000000004a8d60 0000000000a0c1a0
0x0000000000a0c1e8:   0000000000a0c228 0000000000a0c280
0x0000000000a0c1f8:   0000000002c97ced 00000000ed929258
0x0000000000a0c208:   0000000000000000 00000000eecdeed0
0x0000000000a0c218:   0000000000000000 00000000eecdeeb8
0x0000000000a0c228:   0000000000000002 000000000000001a
0x0000000000a0c238:   00000000eecde030 0000000000a0c240
0x0000000000a0c248:   00000000004a87d6 0000000000a0c298 

Instructions: (pc=0x00000000045c5ec0)
0x00000000045c5ea0:   44 8b 52 08 49 c1 e2 03 4c 3b d0 0f 85 af 00 71
0x00000000045c5eb0:   fe 0f 1f 84 00 00 00 00 00 0f 1f 80 00 00 00 00
0x00000000045c5ec0:   89 84 24 00 a0 ff ff 55 48 83 ec 30 b8 00 00 00
0x00000000045c5ed0:   00 48 83 c4 30 5d 85 05 24 a2 12 fe c3 90 90 49 


Register to memory mapping:

RAX=0x0000000100802458 is pointing into metadata
RBX={method} {0x000000000012f3c0} 'isPrimitive' '()Z' in 'com/sun/tools/javac/code/Type'
RCX=0x00000000ece07d98 is an oop
com.sun.tools.javac.code.Types 
 - klass: 'com/sun/tools/javac/code/Types'
RDX=0x00000000ed929258 is an oop
com.sun.tools.javac.code.Type$ClassType 
 - klass: 'com/sun/tools/javac/code/Type$ClassType'
RSP=0x0000000000a0c158 is pointing into the stack for thread: 0x00000000199e9000
RBP=0x00000000ed929258 is an oop
com.sun.tools.javac.code.Type$ClassType 
 - klass: 'com/sun/tools/javac/code/Type$ClassType'
RSI=0x0000000000000001 is an unknown value
RDI=0x0000000000003669 is an unknown value
R8 =0x00000000ed929258 is an oop
com.sun.tools.javac.code.Type$ClassType 
 - klass: 'com/sun/tools/javac/code/Type$ClassType'
R9 =0x1fffffffffffffff is an unknown value
R10=0x00000000ecdf8138 is an oop
com.sun.tools.javac.code.Type$ClassType 
 - klass: 'com/sun/tools/javac/code/Type$ClassType'
R11=0x00000000ecdf80e8 is an oop
com.sun.tools.javac.code.Symbol$ClassSymbol 
 - klass: 'com/sun/tools/javac/code/Symbol$ClassSymbol'
R12=0x0000000000000000 is an unknown value
R13=0x0000000000a0c1a0 is pointing into the stack for thread: 0x00000000199e9000
R14=0x0000000000000000 is an unknown value
R15=0x00000000199e9000 is a thread


Stack: [0x0000000000910000,0x0000000000a10000],  sp=0x0000000000a0c158,  free space=1008k
Native frames: (J=compiled Java code, j=interpreted, Vv=VM code, C=native code)
C  0x00000000045c5ec0


---------------  P R O C E S S  ---------------

Java Threads: ( => current thread )
  0x00000000196c4000 JavaThread "Stdin handler" [_thread_blocked, id=3972, stack(0x0000000000a10000,0x0000000000b10000)]
  0x00000000196c3800 JavaThread "Cancel handler" [_thread_blocked, id=1596, stack(0x0000000000810000,0x0000000000910000)]
  0x00000000196c6800 JavaThread "Handler for socket connection from /127.0.0.1:52684 to /127.0.0.1:56504" [_thread_in_native, id=2460, stack(0x0000000000710000,0x0000000000810000)]
=>0x00000000199e9000 JavaThread "Daemon worker Thread 5" [_thread_in_Java, id=2344, stack(0x0000000000910000,0x0000000000a10000)]
  0x00000000199ed800 JavaThread "Daemon Thread 5" [_thread_blocked, id=4304, stack(0x0000000000610000,0x0000000000710000)]
  0x00000000177f9800 JavaThread "File lock request listener" [_thread_in_native, id=2620, stack(0x000000001a5b0000,0x000000001a6b0000)]
  0x0000000016931000 JavaThread "Incoming local TCP Connector on port 52684" [_thread_in_native, id=4724, stack(0x0000000018410000,0x0000000018510000)]
  0x000000001519a800 JavaThread "Service Thread" daemon [_thread_blocked, id=4316, stack(0x0000000016540000,0x0000000016640000)]
  0x0000000015118800 JavaThread "C1 CompilerThread1" daemon [_thread_blocked, id=1944, stack(0x0000000016440000,0x0000000016540000)]
  0x0000000015115000 JavaThread "C2 CompilerThread0" daemon [_thread_blocked, id=4296, stack(0x0000000016340000,0x0000000016440000)]
  0x0000000015124000 JavaThread "Attach Listener" daemon [_thread_blocked, id=4644, stack(0x0000000016240000,0x0000000016340000)]
  0x0000000015120800 JavaThread "Signal Dispatcher" daemon [_thread_blocked, id=3692, stack(0x0000000016140000,0x0000000016240000)]
  0x0000000002c84000 JavaThread "Finalizer" daemon [_thread_blocked, id=1148, stack(0x0000000015d50000,0x0000000015e50000)]
  0x0000000002c7a800 JavaThread "Reference Handler" daemon [_thread_blocked, id=2404, stack(0x0000000015c50000,0x0000000015d50000)]
  0x0000000002b92800 JavaThread "main" [_thread_blocked, id=4496, stack(0x00000000027b0000,0x00000000028b0000)]

Other Threads:
  0x00000000150e6000 VMThread [stack: 0x0000000015b50000,0x0000000015c50000] [id=4912]
  0x000000001513b000 WatcherThread [stack: 0x0000000016640000,0x0000000016740000] [id=4988]

VM state:not at safepoint (normal execution)

VM Mutex/Monitor currently owned by a thread: None

Heap:
 PSYoungGen      total 323584K, used 87241K [0x00000000eab00000, 0x0000000100000000, 0x0000000100000000)
  eden space 307200K, 23% used [0x00000000eab00000,0x00000000ef038fa8,0x00000000fd700000)
  from space 16384K, 99% used [0x00000000fef00000,0x00000000ffef97b0,0x00000000fff00000)
  to   space 20992K, 0% used [0x00000000fd700000,0x00000000fd700000,0x00000000feb80000)
 ParOldGen       total 102400K, used 39015K [0x00000000c0000000, 0x00000000c6400000, 0x00000000eab00000)
  object space 102400K, 38% used [0x00000000c0000000,0x00000000c2619e40,0x00000000c6400000)
 Metaspace       used 57891K, capacity 61366K, committed 66176K, reserved 1105920K
  class space    used 7530K, capacity 8781K, committed 10112K, reserved 1048576K

Card table byte_map: [0x0000000012050000,0x0000000012260000] byte_map_base: 0x0000000011a50000

Marking Bits: (ParMarkBitMap*) 0x00000000695ca5b0
 Begin Bits: [0x00000000125c0000, 0x00000000135c0000)
 End Bits:   [0x00000000135c0000, 0x00000000145c0000)

Polling page: 0x00000000026f0000

CodeCache: size=245760Kb used=38540Kb max_used=38552Kb free=207219Kb
 bounds [0x0000000002c90000, 0x0000000005270000, 0x0000000011c90000]
 total_blobs=11044 nmethods=10304 adapters=651
 compilation: enabled

Compilation events (10 events):
Event: 7986.148 Thread 0x0000000015118800 13252       3       com.sun.tools.javac.tree.TreeInfo::skipParens (23 bytes)
Event: 7986.150 Thread 0x0000000015118800 nmethod 13252 0x00000000052531d0 code [0x0000000005253360, 0x0000000005253848]
Event: 7986.394 Thread 0x0000000015118800 13254       3       com.sun.tools.javac.tree.TreeMaker::Annotations (58 bytes)
Event: 7986.396 Thread 0x0000000015118800 nmethod 13254 0x0000000005251f90 code [0x00000000052521a0, 0x0000000005252c98]
Event: 7986.467 Thread 0x0000000015118800 13255       3       com.sun.tools.javac.tree.TreeScanner::visitNewClass (41 bytes)
Event: 7986.469 Thread 0x0000000015118800 nmethod 13255 0x0000000005250cd0 code [0x0000000005250ee0, 0x0000000005251be8]
Event: 7986.499 Thread 0x0000000015118800 13256       3       com.sun.tools.javac.jvm.Items$Item::drop (1 bytes)
Event: 7986.500 Thread 0x0000000015118800 nmethod 13256 0x0000000005250910 code [0x0000000005250a60, 0x0000000005250bb0]
Event: 7986.503 Thread 0x0000000015118800 13257       3       com.sun.tools.javac.jvm.Code::entryPoint (20 bytes)
Event: 7986.504 Thread 0x0000000015118800 nmethod 13257 0x00000000052539d0 code [0x0000000005253b60, 0x0000000005253eb8]

GC Heap History (10 events):
Event: 3722.473 GC heap before
{Heap before GC invocations=28 (full 7):
 PSYoungGen      total 331264K, used 4898K [0x00000000eab00000, 0x00000000ffe80000, 0x0000000100000000)
  eden space 313856K, 0% used [0x00000000eab00000,0x00000000eab00000,0x00000000fdd80000)
  from space 17408K, 28% used [0x00000000fdd80000,0x00000000fe2488d0,0x00000000fee80000)
  to   space 16384K, 0% used [0x00000000fee80000,0x00000000fee80000,0x00000000ffe80000)
 ParOldGen       total 102400K, used 57779K [0x00000000c0000000, 0x00000000c6400000, 0x00000000eab00000)
  object space 102400K, 56% used [0x00000000c0000000,0x00000000c386cd38,0x00000000c6400000)
 Metaspace       used 58611K, capacity 63658K, committed 63744K, reserved 1103872K
  class space    used 7968K, capacity 9662K, committed 9728K, reserved 1048576K
Event: 3724.544 GC heap after
Heap after GC invocations=28 (full 7):
 PSYoungGen      total 331264K, used 0K [0x00000000eab00000, 0x00000000ffe80000, 0x0000000100000000)
  eden space 313856K, 0% used [0x00000000eab00000,0x00000000eab00000,0x00000000fdd80000)
  from space 17408K, 0% used [0x00000000fdd80000,0x00000000fdd80000,0x00000000fee80000)
  to   space 16384K, 0% used [0x00000000fee80000,0x00000000fee80000,0x00000000ffe80000)
 ParOldGen       total 102400K, used 53197K [0x00000000c0000000, 0x00000000c6400000, 0x00000000eab00000)
  object space 102400K, 51% used [0x00000000c0000000,0x00000000c33f3520,0x00000000c6400000)
 Metaspace       used 58153K, capacity 62668K, committed 63744K, reserved 1103872K
  class space    used 7880K, capacity 9377K, committed 9728K, reserved 1048576K
}
Event: 3768.351 GC heap before
{Heap before GC invocations=29 (full 7):
 PSYoungGen      total 331264K, used 312717K [0x00000000eab00000, 0x00000000ffe80000, 0x0000000100000000)
  eden space 313856K, 99% used [0x00000000eab00000,0x00000000fdc63658,0x00000000fdd80000)
  from space 17408K, 0% used [0x00000000fdd80000,0x00000000fdd80000,0x00000000fee80000)
  to   space 16384K, 0% used [0x00000000fee80000,0x00000000fee80000,0x00000000ffe80000)
 ParOldGen       total 102400K, used 53197K [0x00000000c0000000, 0x00000000c6400000, 0x00000000eab00000)
  object space 102400K, 51% used [0x00000000c0000000,0x00000000c33f3520,0x00000000c6400000)
 Metaspace       used 58729K, capacity 63718K, committed 64128K, reserved 1103872K
  class space    used 7950K, capacity 9539K, committed 9856K, reserved 1048576K
Event: 3768.399 GC heap after
Heap after GC invocations=29 (full 7):
 PSYoungGen      total 330752K, used 10400K [0x00000000eab00000, 0x0000000100000000, 0x0000000100000000)
  eden space 314368K, 0% used [0x00000000eab00000,0x00000000eab00000,0x00000000fde00000)
  from space 16384K, 63% used [0x00000000fee80000,0x00000000ff8a8198,0x00000000ffe80000)
  to   space 16896K, 0% used [0x00000000fde00000,0x00000000fde00000,0x00000000fee80000)
 ParOldGen       total 102400K, used 53205K [0x00000000c0000000, 0x00000000c6400000, 0x00000000eab00000)
  object space 102400K, 51% used [0x00000000c0000000,0x00000000c33f5520,0x00000000c6400000)
 Metaspace       used 58729K, capacity 63718K, committed 64128K, reserved 1103872K
  class space    used 7950K, capacity 9539K, committed 9856K, reserved 1048576K
}
Event: 7938.076 GC heap before
{Heap before GC invocations=30 (full 7):
 PSYoungGen      total 330752K, used 209295K [0x00000000eab00000, 0x0000000100000000, 0x0000000100000000)
  eden space 314368K, 63% used [0x00000000eab00000,0x00000000f6d3bdb8,0x00000000fde00000)
  from space 16384K, 63% used [0x00000000fee80000,0x00000000ff8a8198,0x00000000ffe80000)
  to   space 16896K, 0% used [0x00000000fde00000,0x00000000fde00000,0x00000000fee80000)
 ParOldGen       total 102400K, used 53205K [0x00000000c0000000, 0x00000000c6400000, 0x00000000eab00000)
  object space 102400K, 51% used [0x00000000c0000000,0x00000000c33f5520,0x00000000c6400000)
 Metaspace       used 60081K, capacity 66092K, committed 66176K, reserved 1105920K
  class space    used 8146K, capacity 10033K, committed 10112K, reserved 1048576K
Event: 7938.165 GC heap after
Heap after GC invocations=30 (full 7):
 PSYoungGen      total 331264K, used 7734K [0x00000000eab00000, 0x00000000fff00000, 0x0000000100000000)
  eden space 314368K, 0% used [0x00000000eab00000,0x00000000eab00000,0x00000000fde00000)
  from space 16896K, 45% used [0x00000000fde00000,0x00000000fe58d980,0x00000000fee80000)
  to   space 16384K, 0% used [0x00000000fef00000,0x00000000fef00000,0x00000000fff00000)
 ParOldGen       total 102400K, used 53213K [0x00000000c0000000, 0x00000000c6400000, 0x00000000eab00000)
  object space 102400K, 51% used [0x00000000c0000000,0x00000000c33f7520,0x00000000c6400000)
 Metaspace       used 60081K, capacity 66092K, committed 66176K, reserved 1105920K
  class space    used 8146K, capacity 10033K, committed 10112K, reserved 1048576K
}
Event: 7938.165 GC heap before
{Heap before GC invocations=31 (full 8):
 PSYoungGen      total 331264K, used 7734K [0x00000000eab00000, 0x00000000fff00000, 0x0000000100000000)
  eden space 314368K, 0% used [0x00000000eab00000,0x00000000eab00000,0x00000000fde00000)
  from space 16896K, 45% used [0x00000000fde00000,0x00000000fe58d980,0x00000000fee80000)
  to   space 16384K, 0% used [0x00000000fef00000,0x00000000fef00000,0x00000000fff00000)
 ParOldGen       total 102400K, used 53213K [0x00000000c0000000, 0x00000000c6400000, 0x00000000eab00000)
  object space 102400K, 51% used [0x00000000c0000000,0x00000000c33f7520,0x00000000c6400000)
 Metaspace       used 60081K, capacity 66092K, committed 66176K, reserved 1105920K
  class space    used 8146K, capacity 10033K, committed 10112K, reserved 1048576K
Event: 7939.220 GC heap after
Heap after GC invocations=31 (full 8):
 PSYoungGen      total 331264K, used 0K [0x00000000eab00000, 0x00000000fff00000, 0x0000000100000000)
  eden space 314368K, 0% used [0x00000000eab00000,0x00000000eab00000,0x00000000fde00000)
  from space 16896K, 0% used [0x00000000fde00000,0x00000000fde00000,0x00000000fee80000)
  to   space 16384K, 0% used [0x00000000fef00000,0x00000000fef00000,0x00000000fff00000)
 ParOldGen       total 102400K, used 34297K [0x00000000c0000000, 0x00000000c6400000, 0x00000000eab00000)
  object space 102400K, 33% used [0x00000000c0000000,0x00000000c217e748,0x00000000c6400000)
 Metaspace       used 56290K, capacity 58870K, committed 66176K, reserved 1105920K
  class space    used 7161K, capacity 8072K, committed 10112K, reserved 1048576K
}
Event: 7973.894 GC heap before
{Heap before GC invocations=32 (full 8):
 PSYoungGen      total 331264K, used 314368K [0x00000000eab00000, 0x00000000fff00000, 0x0000000100000000)
  eden space 314368K, 100% used [0x00000000eab00000,0x00000000fde00000,0x00000000fde00000)
  from space 16896K, 0% used [0x00000000fde00000,0x00000000fde00000,0x00000000fee80000)
  to   space 16384K, 0% used [0x00000000fef00000,0x00000000fef00000,0x00000000fff00000)
 ParOldGen       total 102400K, used 34297K [0x00000000c0000000, 0x00000000c6400000, 0x00000000eab00000)
  object space 102400K, 33% used [0x00000000c0000000,0x00000000c217e748,0x00000000c6400000)
 Metaspace       used 57313K, capacity 60580K, committed 66176K, reserved 1105920K
  class space    used 7466K, capacity 8680K, committed 10112K, reserved 1048576K
Event: 7974.011 GC heap after
Heap after GC invocations=32 (full 8):
 PSYoungGen      total 323584K, used 16357K [0x00000000eab00000, 0x0000000100000000, 0x0000000100000000)
  eden space 307200K, 0% used [0x00000000eab00000,0x00000000eab00000,0x00000000fd700000)
  from space 16384K, 99% used [0x00000000fef00000,0x00000000ffef97b0,0x00000000fff00000)
  to   space 20992K, 0% used [0x00000000fd700000,0x00000000fd700000,0x00000000feb80000)
 ParOldGen       total 102400K, used 39015K [0x00000000c0000000, 0x00000000c6400000, 0x00000000eab00000)
  object space 102400K, 38% used [0x00000000c0000000,0x00000000c2619e40,0x00000000c6400000)
 Metaspace       used 57313K, capacity 60580K, committed 66176K, reserved 1105920K
  class space    used 7466K, capacity 8680K, committed 10112K, reserved 1048576K
}

Deoptimization events (10 events):
Event: 7983.001 Thread 0x00000000199e9000 Uncommon trap: reason=unstable_if action=reinterpret pc=0x00000000047beb80 method=com.sun.tools.javac.util.Convert.chars2utf([CI[BII)I @ 35
Event: 7983.002 Thread 0x00000000199e9000 Uncommon trap: reason=unstable_if action=reinterpret pc=0x0000000003c217cc method=com.sun.tools.javac.util.Convert.chars2utf([CI[BII)I @ 35
Event: 7983.478 Thread 0x00000000199e9000 Uncommon trap: reason=class_check action=maybe_recompile pc=0x0000000004e2069c method=com.sun.tools.javac.code.Type$ClassType.allparams()Lcom/sun/tools/javac/util/List; @ 16
Event: 7983.486 Thread 0x00000000199e9000 Uncommon trap: reason=bimorphic action=maybe_recompile pc=0x0000000003845624 method=com.sun.tools.javac.code.Type$ClassType.isParameterized()Z @ 1
Event: 7983.492 Thread 0x00000000199e9000 Uncommon trap: reason=class_check action=maybe_recompile pc=0x00000000038afeb4 method=com.sun.tools.javac.code.Types$SameTypeVisitor.visitType(Lcom/sun/tools/javac/code/Type;Lcom/sun/tools/javac/code/Type;)Ljava/lang/Boolean; @ 31
Event: 7984.253 Thread 0x00000000199e9000 Uncommon trap: reason=class_check action=maybe_recompile pc=0x00000000038afeb4 method=com.sun.tools.javac.code.Types$SameTypeVisitor.visitType(Lcom/sun/tools/javac/code/Type;Lcom/sun/tools/javac/code/Type;)Ljava/lang/Boolean; @ 31
Event: 7984.822 Thread 0x00000000199e9000 Uncommon trap: reason=class_check action=maybe_recompile pc=0x00000000031a2974 method=com.sun.tools.javac.jvm.Pool.makePoolValue(Ljava/lang/Object;)Ljava/lang/Object; @ 81
Event: 7984.899 Thread 0x00000000199e9000 Uncommon trap: reason=class_check action=maybe_recompile pc=0x00000000038afeb4 method=com.sun.tools.javac.code.Types$SameTypeVisitor.visitType(Lcom/sun/tools/javac/code/Type;Lcom/sun/tools/javac/code/Type;)Ljava/lang/Boolean; @ 31
Event: 7984.899 Thread 0x00000000199e9000 Uncommon trap: reason=class_check action=maybe_recompile pc=0x0000000004863124 method=com.sun.tools.javac.code.Types$SameTypeVisitor.visitType(Lcom/sun/tools/javac/code/Type;Lcom/sun/tools/javac/code/Type;)Ljava/lang/Boolean; @ 31
Event: 7984.931 Thread 0x00000000199e9000 Uncommon trap: reason=unstable_if action=reinterpret pc=0x000000000510360c method=com.sun.tools.javac.code.Types$18.visitClassType(Lcom/sun/tools/javac/code/Type$ClassType;Ljava/lang/Void;)Lcom/sun/tools/javac/code/Type; @ 75

Internal exceptions (10 events):
Event: 7952.986 Thread 0x00000000199e9000 Exception <a 'java/lang/ClassNotFoundException': asLocalRepo327_538bzifqqgeh04v6dw560u0stCustomizer> (0x00000000ec276658) thrown at [C:\workspace\8-2-build-windows-amd64-cygwin\jdk8u65\4987\hotspot\src\share\vm\classfile\systemDictionary.cpp, line 210]
Event: 7953.893 Thread 0x00000000199e9000 Exception <a 'java/lang/NoSuchMethodError': <clinit>> (0x00000000ec965da0) thrown at [C:\workspace\8-2-build-windows-amd64-cygwin\jdk8u65\4987\hotspot\src\share\vm\prims\jni.cpp, line 1591]
Event: 7954.894 Thread 0x00000000199e9000 Exception <a 'java/lang/NoSuchMethodError': <clinit>> (0x00000000ee05d008) thrown at [C:\workspace\8-2-build-windows-amd64-cygwin\jdk8u65\4987\hotspot\src\share\vm\prims\jni.cpp, line 1591]
Event: 7954.894 Thread 0x00000000199e9000 Exception <a 'java/lang/NoSuchMethodError': <clinit>> (0x00000000ee060210) thrown at [C:\workspace\8-2-build-windows-amd64-cygwin\jdk8u65\4987\hotspot\src\share\vm\prims\jni.cpp, line 1591]
Event: 7967.125 Thread 0x00000000199e9000 Implicit null exception at 0x0000000003e55ccc to 0x0000000003e5730d
Event: 7967.526 Thread 0x00000000199e9000 Exception <a 'java/lang/ClassNotFoundException': groovy/runtime/metaclass/[Lcom/android/build/gradle/internal/ConfigurationProvider;MetaClass> (0x00000000f3081f40) thrown at [C:\workspace\8-2-build-windows-amd64-cygwin\jdk8u65\4987\hotspot\src\share\vm\pri
Event: 7967.708 Thread 0x00000000199e9000 Exception <a 'java/lang/ClassNotFoundException': groovy/runtime/metaclass/[Lcom/android/builder/profile/Recorder$Property;MetaClass> (0x00000000f3244588) thrown at [C:\workspace\8-2-build-windows-amd64-cygwin\jdk8u65\4987\hotspot\src\share\vm\prims\jni.cppC—PB"¿@
Event: 7970.259 Thread 0x00000000199e9000 Exception <a 'java/lang/SecurityException'> (0x00000000fb643878) thrown at [C:\workspace\8-2-build-windows-amd64-cygwin\jdk8u65\4987\hotspot\src\share\vm\prims\jvm.cpp, line 1390]
Event: 7974.393 Thread 0x00000000199e9000 Implicit null exception at 0x0000000004503583 to 0x000000000450373d
Event: 7974.394 Thread 0x00000000199e9000 Implicit null exception at 0x00000000036d881e to 0x00000000036d89a1

Events (10 events):
Event: 7984.822 Thread 0x00000000199e9000 DEOPT UNPACKING pc=0x0000000002cd582a sp=0x0000000000a0b978 mode 2
Event: 7984.899 Thread 0x00000000199e9000 Uncommon trap: trap_request=0xffffffde fr.pc=0x00000000038afeb4
Event: 7984.899 Thread 0x00000000199e9000 DEOPT PACKING pc=0x00000000038afeb4 sp=0x0000000000a0bea0
Event: 7984.899 Thread 0x00000000199e9000 DEOPT UNPACKING pc=0x0000000002cd582a sp=0x0000000000a0bde8 mode 2
Event: 7984.899 Thread 0x00000000199e9000 Uncommon trap: trap_request=0xffffffde fr.pc=0x0000000004863124
Event: 7984.899 Thread 0x00000000199e9000 DEOPT PACKING pc=0x0000000004863124 sp=0x0000000000a0bdb0
Event: 7984.899 Thread 0x00000000199e9000 DEOPT UNPACKING pc=0x0000000002cd582a sp=0x0000000000a0bd60 mode 2
Event: 7984.931 Thread 0x00000000199e9000 Uncommon trap: trap_request=0xffffff65 fr.pc=0x000000000510360c
Event: 7984.931 Thread 0x00000000199e9000 DEOPT PACKING pc=0x000000000510360c sp=0x0000000000a0b600
Event: 7984.931 Thread 0x00000000199e9000 DEOPT UNPACKING pc=0x0000000002cd582a sp=0x0000000000a0b3b8 mode 2


Dynamic libraries:
0x000007f7ab9c0000 - 0x000007f7ab9f7000 	C:\Program Files\Java\jdk1.8.0_65\bin\java.exe
0x000007fdbe900000 - 0x000007fdbeabe000 	C:\Windows\SYSTEM32\ntdll.dll
0x000007fdbc1b0000 - 0x000007fdbc2e6000 	C:\Windows\system32\KERNEL32.DLL
0x000007fdbbb70000 - 0x000007fdbbc63000 	C:\Windows\system32\KERNELBASE.dll
0x000007fdbe820000 - 0x000007fdbe8fe000 	C:\Windows\system32\ADVAPI32.dll
0x000007fdbc4b0000 - 0x000007fdbc5fc000 	C:\Windows\system32\USER32.dll
0x000007fdb98a0000 - 0x000007fdb9b09000 	C:\Windows\WinSxS\amd64_microsoft.windows.common-controls_6595b64144ccf1df_6.0.9200.16384_none_418c2a697189c07f\COMCTL32.dll
0x000007fdbcdc0000 - 0x000007fdbce65000 	C:\Windows\system32\msvcrt.dll
0x000007fdbc160000 - 0x000007fdbc1a8000 	C:\Windows\SYSTEM32\sechost.dll
0x000007fdbcc20000 - 0x000007fdbcd60000 	C:\Windows\system32\RPCRT4.dll
0x000007fdbe5a0000 - 0x000007fdbe6e0000 	C:\Windows\system32\GDI32.dll
0x000007fdbce70000 - 0x000007fdbcea9000 	C:\Windows\system32\IMM32.DLL
0x000007fdbe6e0000 - 0x000007fdbe7f4000 	C:\Windows\system32\MSCTF.dll
0x0000000068ce0000 - 0x0000000068db2000 	C:\Program Files\Java\jdk1.8.0_65\jre\bin\msvcr100.dll
0x0000000068dc0000 - 0x0000000069649000 	C:\Program Files\Java\jdk1.8.0_65\jre\bin\server\jvm.dll
0x000007fdb4670000 - 0x000007fdb4679000 	C:\Windows\SYSTEM32\WSOCK32.dll
0x000007fdb3090000 - 0x000007fdb30b0000 	C:\Windows\SYSTEM32\WINMM.dll
0x000007fdb8470000 - 0x000007fdb8479000 	C:\Windows\SYSTEM32\VERSION.dll
0x000007fdbe800000 - 0x000007fdbe807000 	C:\Windows\system32\PSAPI.DLL
0x000007fdbcd60000 - 0x000007fdbcdb8000 	C:\Windows\system32\WS2_32.dll
0x000007fdb3030000 - 0x000007fdb3062000 	C:\Windows\SYSTEM32\WINMMBASE.dll
0x000007fdbc790000 - 0x000007fdbc799000 	C:\Windows\system32\NSI.dll
0x00000000698d0000 - 0x00000000698df000 	C:\Program Files\Java\jdk1.8.0_65\jre\bin\verify.dll
0x00000000698a0000 - 0x00000000698c9000 	C:\Program Files\Java\jdk1.8.0_65\jre\bin\java.dll
0x0000000069880000 - 0x0000000069896000 	C:\Program Files\Java\jdk1.8.0_65\jre\bin\zip.dll
0x000007fdbd080000 - 0x000007fdbe365000 	C:\Windows\system32\SHELL32.dll
0x000007fdbc850000 - 0x000007fdbca00000 	C:\Windows\SYSTEM32\combase.dll
0x000007fdbbe10000 - 0x000007fdbbe60000 	C:\Windows\system32\SHLWAPI.dll
0x000007fdb9da0000 - 0x000007fdb9e36000 	C:\Windows\SYSTEM32\SHCORE.dll
0x000007fdbb830000 - 0x000007fdbb845000 	C:\Windows\SYSTEM32\profapi.dll
0x0000000068cc0000 - 0x0000000068cda000 	C:\Program Files\Java\jdk1.8.0_65\jre\bin\net.dll
0x000007fdbb080000 - 0x000007fdbb0dc000 	C:\Windows\system32\mswsock.dll
0x0000000068ca0000 - 0x0000000068cb1000 	C:\Program Files\Java\jdk1.8.0_65\jre\bin\nio.dll
0x000007fdb3ea0000 - 0x000007fdb3eb2000 	C:\Users\alex\.gradle\native\19\windows-amd64\native-platform.dll
0x000007fdb7590000 - 0x000007fdb75bc000 	C:\Windows\SYSTEM32\IPHLPAPI.DLL
0x000007fdb7570000 - 0x000007fdb757a000 	C:\Windows\SYSTEM32\WINNSI.DLL
0x000007fdb7240000 - 0x000007fdb7253000 	C:\Windows\SYSTEM32\dhcpcsvc6.DLL
0x000007fdb7220000 - 0x000007fdb7238000 	C:\Windows\SYSTEM32\dhcpcsvc.DLL
0x000007fdbb0e0000 - 0x000007fdbb0fa000 	C:\Windows\SYSTEM32\CRYPTSP.dll
0x000007fdbad60000 - 0x000007fdbada9000 	C:\Windows\system32\rsaenh.dll
0x000007fdbae60000 - 0x000007fdbae7f000 	C:\Windows\SYSTEM32\USERENV.dll
0x000007fdbb670000 - 0x000007fdbb67a000 	C:\Windows\SYSTEM32\CRYPTBASE.dll
0x000007fdbb610000 - 0x000007fdbb66c000 	C:\Windows\SYSTEM32\bcryptPrimitives.dll
0x0000000069870000 - 0x000000006987d000 	C:\Program Files\Java\jdk1.8.0_65\jre\bin\management.dll
0x000007fdb6560000 - 0x000007fdb65ff000 	C:\Windows\system32\apphelp.dll
0x000007fdad5c0000 - 0x000007fdad723000 	C:\Windows\SYSTEM32\dbghelp.dll

VM Arguments:
jvm_args: -XX:MaxPermSize=256m -XX:+HeapDumpOnOutOfMemoryError -Xmx1024m -Dfile.encoding=windows-1251 -Duser.country=RU -Duser.language=ru -Duser.variant 
java_command: org.gradle.launcher.daemon.bootstrap.GradleDaemon 2.4 C:\Users\alex\.gradle C:\Users\alex\.gradle\daemon 10800000 bcf0bb94-d317-43bc-a04f-3c27250ffb9f -XX:MaxPermSize=256m -XX:+HeapDumpOnOutOfMemoryError -Xmx1024m -Dfile.encoding=windows-1251 -Duser.country=RU -Duser.language=ru -Duser.variant
java_class_path (initial): C:\Program Files\Android\Android Studio\gradle\gradle-2.4\lib\gradle-launcher-2.4.jar
Launcher Type: SUN_STANDARD

Environment Variables:
PATH=C:\ProgramData\Oracle\Java\javapath;C:\Windows\system32;C:\Windows;C:\Windows\System32\Wbem;C:\Windows\System32\WindowsPowerShell\v1.0\
USERNAME=alex
OS=Windows_NT
PROCESSOR_IDENTIFIER=AMD64 Family 20 Model 2 Stepping 0, AuthenticAMD



---------------  S Y S T E M  ---------------

OS: Windows 8 , 64 bit Build 9200 (6.2.9200.16384)

CPU:total 2 (2 cores per cpu, 1 threads per core) family 20 model 2 stepping 0, cmov, cx8, fxsr, mmx, sse, sse2, sse3, ssse3, popcnt, mmxext, lzcnt, sse4a, tsc, tscinvbit, tscinv

Memory: 4k page, physical 3896500k(1185396k free), swap 7828660k(4351564k free)

vm_info: Java HotSpot(TM) 64-Bit Server VM (25.65-b01) for windows-amd64 JRE (1.8.0_65-b17), built on Oct  6 2015 16:39:20 by "java_re" with MS VC++ 10.0 (VS2010)

time: Tue Nov 24 17:57:42 2015
elapsed time: 7987 seconds (0d 2h 13m 7s)

